Drill report for Projecte.kicad_pcb
Created on 2025-04-23T21:59:58+0200

Copper Layer Stackup:
    =============================================================
    L1 :  F.Cu                      front
    L1 :  B.Cu                      back


Drill file 'Projecte-PTH.drl' contains
    plated through holes:
    =============================================================
    T1  0,300mm  0,0118"  (60 holes)
    T2  0,750mm  0,0295"  (2 holes)
    T3  1,000mm  0,0394"  (34 holes)
    T4  1,100mm  0,0433"  (16 holes)
    T5  1,500mm  0,0591"  (3 holes)

    Total plated holes count 115


Drill file 'Projecte-NPTH.drl' contains
    unplated through holes:
    =============================================================
    T1  2,100mm  0,0827"  (4 holes)

    Total unplated holes count 4
