** Drc report for Projecte.kicad_pcb **
** Created on 2025-04-23T21:58:07+0200 **

** Found 12 DRC violations **
[silk_edge_clearance]: Serigrafía recortada por el borde de la placa (restricciones de configuración de placa para serigrafía margen 0,0500 mm; real 0,0000 mm)
    Regla: restricciones de configuración de placa para serigrafía; warning (excluded)
    @(157,9851 mm, 129,7630 mm): Segmento en Edge.Cuts
    @(185,5100 mm, 130,8847 mm): Segmento en F.Silkscreen
    NO PASSA RES PERQUE AQUEST COMPONENT NO ESTA ASOBRE DE LA PLACA SINO QUE QUEDA AGAFAT A ELLA
[silk_edge_clearance]: Serigrafía recortada por el borde de la placa (restricciones de configuración de placa para serigrafía margen 0,0500 mm; real 0,0000 mm)
    Regla: restricciones de configuración de placa para serigrafía; warning (excluded)
    @(157,9851 mm, 129,7630 mm): Segmento en Edge.Cuts
    @(202,7300 mm, 126,7847 mm): Segmento en F.Silkscreen
    IDEM 
[text_thickness]: Ancho del texto fuera del rango (Caracteres de fuentes TrueType con peso de trazo insuficiente)
    Regla: restricciones de configuración de placa para ancho de texto de serigrafía; warning (excluded)
    @(204,6401 mm, 95,5657 mm): Footprint text of U5 (*)
    si esta
[silk_overlap]: Solapamiento de serigrafía (restricciones de configuración de placa para serigrafía margen 0,0500 mm; real 0,0353 mm)
    Regla: restricciones de configuración de placa para serigrafía; warning (excluded)
    @(182,6900 mm, 114,8900 mm): Segmento en F.Silkscreen
    @(182,8800 mm, 114,8350 mm): Círculo en F.Silkscreen
    no passa res pk en veritat es una sola serigrafia
[silk_overlap]: Solapamiento de serigrafía (restricciones de configuración de placa para serigrafía margen 0,0500 mm; real 0,0353 mm)
    Regla: restricciones de configuración de placa para serigrafía; warning (excluded)
    @(180,7700 mm, 114,8900 mm): Segmento en F.Silkscreen
    @(182,8800 mm, 114,8350 mm): Círculo en F.Silkscreen
    idem
[silk_overlap]: Solapamiento de serigrafía (restricciones de configuración de placa para serigrafía margen 0,0500 mm; real 0,0000 mm)
    Regla: restricciones de configuración de placa para serigrafía; warning (excluded)
    @(200,7200 mm, 126,7847 mm): Segmento en F.Silkscreen
    @(200,7800 mm, 124,2450 mm): Rectángulo en F.Silkscreen
    idem
[silk_overlap]: Solapamiento de serigrafía (restricciones de configuración de placa para serigrafía margen 0,0500 mm; real 0,0000 mm)
    Regla: restricciones de configuración de placa para serigrafía; warning (excluded)
    @(200,7200 mm, 126,7847 mm): Segmento en F.Silkscreen
    @(202,1600 mm, 123,9300 mm): Rectángulo en F.Silkscreen
    idem
[silk_overlap]: Solapamiento de serigrafía (restricciones de configuración de placa para serigrafía margen 0,0500 mm; real 0,0000 mm)
    Regla: restricciones de configuración de placa para serigrafía; warning (excluded)
    @(200,7200 mm, 117,9447 mm): Segmento en F.Silkscreen
    @(200,7800 mm, 124,2450 mm): Rectángulo en F.Silkscreen
    idem
[silk_overlap]: Solapamiento de serigrafía (restricciones de configuración de placa para serigrafía margen 0,0500 mm; real 0,0000 mm)
    Regla: restricciones de configuración de placa para serigrafía; warning (excluded)
    @(202,7300 mm, 126,7847 mm): Segmento en F.Silkscreen
    @(202,1600 mm, 123,9300 mm): Rectángulo en F.Silkscreen
    idem
[silk_overlap]: Solapamiento de serigrafía (restricciones de configuración de placa para serigrafía margen 0,0500 mm; real 0,0000 mm)
    Regla: restricciones de configuración de placa para serigrafía; warning (excluded)
    @(228,0900 mm, 86,9750 mm): Rectángulo en F.Silkscreen
    @(228,1000 mm, 89,9400 mm): Segmento en F.Silkscreen
    idem
[silk_overlap]: Solapamiento de serigrafía (restricciones de configuración de placa para serigrafía margen 0,0500 mm; real 0,0000 mm)
    Regla: restricciones de configuración de placa para serigrafía; warning (excluded)
    @(228,0900 mm, 86,9750 mm): Rectángulo en F.Silkscreen
    @(228,1000 mm, 87,3400 mm): Segmento en F.Silkscreen
    idem
[silk_overlap]: Solapamiento de serigrafía (restricciones de configuración de placa para serigrafía margen 0,0500 mm; real 0,0000 mm)
    Regla: restricciones de configuración de placa para serigrafía; warning (excluded)
    @(212,1900 mm, 86,0250 mm): Reference field of PROGRAMACIÓ
    @(206,5150 mm, 84,9400 mm): Rectángulo en F.Silkscreen
    idem

** Found 0 unconnected pads **

** Found 0 Footprint errors **

** End of Report **
